<?xml version="1.0" encoding="UTF-8"?>
<!-- Generated by org.testng.reporters.JUnitXMLReporter -->
<testsuite ignored="0" hostname="AZ-AAGeneral" failures="0" tests="3" name="Command line test" time="5.261" errors="0" timestamp="2022-08-22T11:41:03 EDT">
  <testcase classname="Pilot.Tester" name="priority" time="0.006"/>
  <testcase classname="Pilot.Tester" name="regression" time="0.0"/>
  <testcase classname="Pilot.Tester" name="launchBrowser" time="4.698"/>
</testsuite> <!-- Command line test -->
