<?xml version="1.0" encoding="UTF-8"?>
<!-- Generated by org.testng.reporters.JUnitXMLReporter -->
<testsuite ignored="0" hostname="AZ-AAGeneral" failures="0" tests="3" name="Command line test" time="6.485" errors="0" timestamp="2022-08-23T08:54:32 EDT">
  <testcase classname="Pilot.Tester" name="priority" time="0.007"/>
  <testcase classname="Pilot.Tester" name="regression" time="0.001"/>
  <testcase classname="Pilot.Tester" name="launchBrowser" time="6.198"/>
</testsuite> <!-- Command line test -->
